[2018-12-17 10:33:57.943] [WARN] - com.ls.ApplicationTests.test(ApplicationTests.java:28) - 输出debug
[2018-12-17 10:33:57.944] [ERROR] - com.ls.ApplicationTests.test(ApplicationTests.java:29) - 输出error
[2018-12-17 10:39:09.140] [WARN] - com.ls.ApplicationTests.test(ApplicationTests.java:25) - 输出debug
[2018-12-17 10:39:09.141] [ERROR] - com.ls.ApplicationTests.test(ApplicationTests.java:26) - 输出error
